<?xml version="1.0" encoding="UTF-8"?>
<!-- Generated by org.testng.reporters.JUnitReportReporter -->
<testsuite hostname="ordi-damien.local" failures="0" tests="2" name="com.example.AppTest" time="0.086" errors="0" timestamp="2024-07-31T15:18:54 CEST" skipped="0">
  <testcase classname="com.example.AppTest" name="testCapitalizeString" time="0.009"/>
  <system-out/>
  <testcase classname="com.example.AppTest" name="testConvertToJson" time="0.077"/>
  <system-out/>
</testsuite> <!-- com.example.AppTest -->
